TN:
SF:/home/sonny/dev/actual-front/app/scripts/app.js
FN:28,(anonymous_1)
FN:64,(anonymous_2)
FN:66,(anonymous_3)
FN:73,(anonymous_4)
FNF:4
FNH:2
FNDA:7,(anonymous_1)
FNDA:7,(anonymous_2)
FNDA:0,(anonymous_3)
FNDA:0,(anonymous_4)
DA:11,1
DA:30,7
DA:31,7
DA:33,7
DA:64,7
DA:65,7
DA:67,0
DA:68,0
DA:69,0
DA:71,0
DA:74,0
DA:75,0
DA:77,0
LF:13
LH:6
BRDA:67,1,0,0
BRDA:67,1,1,0
BRDA:68,2,0,0
BRDA:68,2,1,0
BRDA:74,3,0,0
BRDA:74,3,1,0
BRDA:74,4,0,0
BRDA:74,4,1,0
BRF:8
BRH:0
end_of_record
TN:
SF:/home/sonny/dev/actual-front/app/scripts/controllers/about.js
FN:11,(anonymous_1)
FNF:1
FNH:1
FNDA:1,(anonymous_1)
DA:10,1
DA:12,1
LF:2
LH:2
BRF:0
BRH:0
end_of_record
TN:
SF:/home/sonny/dev/actual-front/app/scripts/controllers/category.js
FN:13,CategoryCtrl
FN:19,setSubnavIndex
FNF:2
FNH:1
FNDA:1,CategoryCtrl
FNDA:0,setSubnavIndex
DA:10,1
DA:13,1
DA:14,1
DA:16,1
DA:17,1
DA:19,1
DA:20,0
DA:23,1
LF:8
LH:7
BRF:0
BRH:0
end_of_record
TN:
SF:/home/sonny/dev/actual-front/app/scripts/controllers/home.js
FN:13,HomeCtrl
FN:21,init
FN:27,groupProducts
FN:35,simulateLoading
FN:36,(anonymous_5)
FNF:5
FNH:4
FNDA:1,HomeCtrl
FNDA:1,init
FNDA:1,groupProducts
FNDA:1,simulateLoading
FNDA:0,(anonymous_5)
DA:10,1
DA:13,1
DA:14,1
DA:15,1
DA:16,1
DA:17,1
DA:19,1
DA:21,1
DA:22,1
DA:23,1
DA:24,1
DA:27,1
DA:28,1
DA:29,1
DA:30,2
DA:32,1
DA:35,1
DA:36,1
DA:37,0
DA:41,1
DA:153,1
DA:156,1
LF:22
LH:21
BRF:0
BRH:0
end_of_record
TN:
SF:/home/sonny/dev/actual-front/app/scripts/controllers/listing.js
FN:13,ListingCtrl
FN:19,setSubnavIndex
FNF:2
FNH:1
FNDA:1,ListingCtrl
FNDA:0,setSubnavIndex
DA:10,1
DA:13,1
DA:14,1
DA:16,1
DA:17,1
DA:19,1
DA:20,0
DA:23,1
LF:8
LH:7
BRF:0
BRH:0
end_of_record
TN:
SF:/home/sonny/dev/actual-front/app/scripts/controllers/main.js
FN:1,(anonymous_1)
FN:12,MainCtrl
FN:18,successAuth
FN:29,successRegister
FN:43,(anonymous_5)
FN:49,(anonymous_6)
FN:54,(anonymous_7)
FN:60,(anonymous_8)
FN:65,(anonymous_9)
FN:66,(anonymous_10)
FN:76,(anonymous_11)
FN:98,newState
FN:108,querySearch
FN:113,(anonymous_14)
FN:119,searchTextChange
FN:122,selectedItemChange
FN:128,loadAll
FN:136,(anonymous_18)
FN:145,createFilterFor
FN:147,filterFn
FNF:20
FNH:4
FNDA:1,(anonymous_1)
FNDA:1,MainCtrl
FNDA:0,successAuth
FNDA:0,successRegister
FNDA:0,(anonymous_5)
FNDA:0,(anonymous_6)
FNDA:0,(anonymous_7)
FNDA:0,(anonymous_8)
FNDA:0,(anonymous_9)
FNDA:0,(anonymous_10)
FNDA:0,(anonymous_11)
FNDA:0,newState
FNDA:0,querySearch
FNDA:0,(anonymous_14)
FNDA:0,searchTextChange
FNDA:0,selectedItemChange
FNDA:1,loadAll
FNDA:50,(anonymous_18)
FNDA:0,createFilterFor
FNDA:0,filterFn
DA:1,1
DA:12,1
DA:13,1
DA:14,1
DA:16,1
DA:18,1
DA:19,0
DA:20,0
DA:21,0
DA:23,0
DA:24,0
DA:26,0
DA:29,1
DA:30,0
DA:31,0
DA:32,0
DA:34,0
DA:35,0
DA:36,0
DA:40,1
DA:41,1
DA:43,1
DA:44,0
DA:49,0
DA:50,0
DA:54,1
DA:55,0
DA:60,0
DA:61,0
DA:65,1
DA:66,0
DA:67,0
DA:71,1
DA:72,1
DA:73,1
DA:76,1
DA:77,0
DA:78,0
DA:85,1
DA:92,1
DA:93,1
DA:94,1
DA:95,1
DA:96,1
DA:97,1
DA:98,1
DA:99,0
DA:108,1
DA:109,0
DA:111,0
DA:112,0
DA:113,0
DA:114,0
DA:116,0
DA:119,1
DA:120,0
DA:122,1
DA:123,0
DA:128,1
DA:129,1
DA:136,1
DA:137,50
DA:145,1
DA:146,0
DA:147,0
DA:148,0
DA:157,1
DA:158,1
LF:68
LH:34
BRDA:109,1,0,0
BRDA:109,1,1,0
BRDA:111,2,0,0
BRDA:111,2,1,0
BRF:4
BRH:0
end_of_record
TN:
SF:/home/sonny/dev/actual-front/app/scripts/directives/listing-product.js
FN:10,(anonymous_1)
FN:17,postLink
FN:21,(anonymous_3)
FN:22,(anonymous_4)
FN:27,(anonymous_5)
FNF:5
FNH:1
FNDA:1,(anonymous_1)
FNDA:0,postLink
FNDA:0,(anonymous_3)
FNDA:0,(anonymous_4)
FNDA:0,(anonymous_5)
DA:9,1
DA:11,1
DA:18,0
DA:19,0
DA:21,0
DA:22,0
DA:23,0
DA:27,0
DA:28,0
DA:31,0
LF:10
LH:2
BRF:0
BRH:0
end_of_record
TN:
SF:/home/sonny/dev/actual-front/app/scripts/services/authservice.js
FN:1,(anonymous_1)
FN:11,AuthService
FN:19,urlBase64Decode
FN:36,getClaimsFromToken
FN:48,signUp
FN:52,signIn
FN:56,logout
FN:63,getTokenClaims
FNF:8
FNH:3
FNDA:1,(anonymous_1)
FNDA:2,AuthService
FNDA:0,urlBase64Decode
FNDA:2,getClaimsFromToken
FNDA:0,signUp
FNDA:0,signIn
FNDA:0,logout
FNDA:0,getTokenClaims
DA:1,1
DA:11,1
DA:13,2
DA:14,2
DA:15,2
DA:16,2
DA:17,2
DA:19,1
DA:20,0
DA:21,0
DA:23,0
DA:25,0
DA:26,0
DA:28,0
DA:29,0
DA:31,0
DA:33,0
DA:36,1
DA:37,2
DA:38,2
DA:39,2
DA:40,0
DA:41,0
DA:43,2
DA:46,2
DA:48,1
DA:49,0
DA:52,1
DA:53,0
DA:56,1
DA:57,0
DA:58,0
DA:59,0
DA:60,0
DA:63,1
DA:64,0
DA:68,1
DA:69,1
LF:38
LH:20
BRDA:21,1,0,0
BRDA:21,1,1,0
BRDA:21,1,2,0
BRDA:21,1,3,0
BRDA:39,2,0,0
BRDA:39,2,1,2
BRF:6
BRH:1
end_of_record
